
Gurobi 7.0.1 (win64, Python) logging started 11/13/16 20:43:09


Gurobi 7.0.1 (win64, Python) logging started 11/13/16 20:43:35

Optimize a model with 53280 rows, 810000 columns and 6479100 nonzeros
Variable types: 0 continuous, 810000 integer (810000 binary)
Coefficient statistics:
  Matrix range     [1e+00, 2e+00]
  Objective range  [4e-04, 2e+02]
  Bounds range     [1e+00, 1e+00]
  RHS range        [1e+00, 1e+00]
Found heuristic solution: objective 167.438
Presolve removed 53100 rows and 56580 columns (presolve time = 6s) ...
Presolve removed 53220 rows and 620775 columns (presolve time = 11s) ...
Presolve removed 53220 rows and 620775 columns
Presolve time: 11.15s
Presolved: 60 rows, 189225 columns, 756900 nonzeros
Found heuristic solution: objective 58.6855671
Variable types: 0 continuous, 189225 integer (189225 binary)

Root simplex log...

Iteration    Objective       Primal Inf.    Dual Inf.      Time
       0    1.2254629e+06   7.568400e+05   0.000000e+00     12s

Starting sifting (using dual simplex for sub-problems)...

    Iter     Pivots    Primal Obj      Dual Obj        Time
       0          0     infinity     -1.2254629e+06     12s
       1         60   7.5257477e+11  -1.2217109e+06     12s
       2        170   7.4930677e+11  -1.2195863e+06     12s
       3        275   7.4630277e+11  -1.2173104e+06     12s
       4        383   7.4338277e+11  -1.2145392e+06     12s
       5        496   7.4009077e+11  -1.2114325e+06     12s
       6        606   7.3681077e+11  -1.2090195e+06     12s
       7        717   7.3336677e+11  -1.2067253e+06     12s
       8        835   7.2996277e+11  -1.2044236e+06     12s
       9        951   7.2679878e+11  -1.2021578e+06     13s
      10       1063   7.2373078e+11  -1.2002488e+06     13s
      11       1183   7.2068278e+11  -1.1980908e+06     13s
      12       1301   7.1719078e+11  -1.1958231e+06     13s
      13       1426   7.1359478e+11  -1.1931480e+06     13s
      14       1550   7.0957878e+11  -1.1904633e+06     13s
      15       1674   7.0549478e+11  -1.1874588e+06     13s
      16       1796   7.0080278e+11  -1.1835053e+06     13s
      17       1924   6.9537878e+11  -1.1792491e+06     13s
      18       2051   6.9010278e+11  -1.1751591e+06     13s
      19       2177   6.8453478e+11  -1.1711436e+06     13s
      20       2310   6.7870278e+11  -1.1652446e+06     13s
      21       2437   6.7235478e+11  -1.1593941e+06     13s
      22       2567   6.6589878e+11  -1.1523233e+06     13s
      23       2704   6.5854278e+11  -1.1450641e+06     13s
      24       2829   6.5150678e+11  -1.1368812e+06     13s
      25       2957   6.4404278e+11  -1.1293717e+06     13s
      26       3090   6.3649478e+11  -1.1218523e+06     13s
      27       3227   6.2888678e+11  -1.1144327e+06     13s
      28       3353   6.2099479e+11  -1.1057732e+06     13s
      29       3481   6.1245879e+11  -1.0958445e+06     13s
      30       3608   6.0299079e+11  -1.0860187e+06     13s
      31       3742   5.9398279e+11  -1.0766781e+06     13s
      32       3871   5.8407479e+11  -1.0671841e+06     13s
      33       3997   5.7452280e+11  -1.0560521e+06     13s
      34       4130   5.6419480e+11  -1.0450923e+06     13s
      35       4258   5.5355880e+11  -1.0341018e+06     13s
      36       4383   5.4276280e+11  -1.0236247e+06     14s
      37       4519   5.3203481e+11  -1.0127949e+06     14s
      38       4654   5.2095481e+11  -1.0010475e+06     14s
      39       4786   5.0951882e+11  -9.8786164e+05     14s
      40       4910   4.9783482e+11  -9.7619667e+05     14s
      41       5044   4.8591083e+11  -9.6344609e+05     14s
      42       5170   4.7324683e+11  -9.4925712e+05     14s
      43       5299   4.6019484e+11  -9.3635825e+05     14s
      44       5439   4.4687084e+11  -9.2239696e+05     14s
      45       5568   4.3342685e+11  -9.0774789e+05     14s
      46       5701   4.1993086e+11  -8.9243856e+05     14s
      47       5832   4.0609487e+11  -8.7574319e+05     14s
      48       5963   3.9129488e+11  -8.5964448e+05     14s
      49       6096   3.7665089e+11  -8.4246517e+05     14s

Sifting complete

    6430    8.9339938e+02   0.000000e+00   0.000000e+00     14s

Root relaxation: objective 8.933994e+02, 6430 iterations, 2.24 seconds

    Nodes    |    Current Node    |     Objective Bounds      |     Work
 Expl Unexpl |  Obj  Depth IntInf | Incumbent    BestBd   Gap | It/Node Time

     0     0  893.39938    0    5  167.43834  893.39938   434%     -   14s
H    0     0                     855.2190264  893.39938  4.46%     -   15s
H    0     0                     891.7031517  893.39938  0.19%     -   16s
H    0     0                     892.1845139  893.39938  0.14%     -   16s
     0     0  893.39938    0    5  892.18451  893.39938  0.14%     -   17s
     0     0  893.39938    0    5  892.18451  893.39938  0.14%     -   18s
     0     0  893.33767    0   13  892.18451  893.33767  0.13%     -   18s
     0     0  893.33767    0    7  892.18451  893.33767  0.13%     -   18s
     0     0  893.33767    0    5  892.18451  893.33767  0.13%     -   18s
     0     0  893.33767    0    7  892.18451  893.33767  0.13%     -   18s
     0     0  893.33767    0    7  892.18451  893.33767  0.13%     -   18s
     0     0  893.00473    0    3  892.18451  893.00473  0.09%     -   18s
     0     0  892.75369    0    5  892.18451  892.75369  0.06%     -   18s

Explored 0 nodes (7625 simplex iterations) in 18.48 seconds
Thread count was 4 (of 4 available processors)

Solution count 6: 892.185 891.703 855.219 ... -0
Pool objective bound 892.185

Optimal solution found (tolerance 1.00e-04)
Best objective 8.921845138550e+02, best bound 8.921845138550e+02, gap 0.0000%

Gurobi 7.0.1 (win64, Python) logging started 11/13/16 20:45:13

Optimize a model with 53280 rows, 810000 columns and 6479100 nonzeros
Variable types: 0 continuous, 810000 integer (810000 binary)
Coefficient statistics:
  Matrix range     [1e+00, 2e+00]
  Objective range  [4e-04, 2e+02]
  Bounds range     [1e+00, 1e+00]
  RHS range        [1e+00, 1e+00]
Found heuristic solution: objective 167.438
Presolve removed 53100 rows and 56580 columns (presolve time = 5s) ...
Presolve removed 53220 rows and 620775 columns (presolve time = 10s) ...
Presolve removed 53220 rows and 620775 columns
Presolve time: 10.31s
Presolved: 60 rows, 189225 columns, 756900 nonzeros
Found heuristic solution: objective 58.6855671
Variable types: 0 continuous, 189225 integer (189225 binary)

Root simplex log...

Iteration    Objective       Primal Inf.    Dual Inf.      Time
       0    1.2254629e+06   7.568400e+05   0.000000e+00     11s

Starting sifting (using dual simplex for sub-problems)...

    Iter     Pivots    Primal Obj      Dual Obj        Time
       0          0     infinity     -1.2254629e+06     11s
       1         60   7.5257477e+11  -1.2217109e+06     11s
       2        170   7.4930677e+11  -1.2195863e+06     11s
       3        275   7.4630277e+11  -1.2173104e+06     11s
       4        383   7.4338277e+11  -1.2145392e+06     11s
       5        496   7.4009077e+11  -1.2114325e+06     11s
       6        606   7.3681077e+11  -1.2090195e+06     11s
       7        717   7.3336677e+11  -1.2067253e+06     11s
       8        835   7.2996277e+11  -1.2044236e+06     11s
       9        951   7.2679878e+11  -1.2021578e+06     11s
      10       1063   7.2373078e+11  -1.2002488e+06     11s
      11       1183   7.2068278e+11  -1.1980908e+06     12s
      12       1301   7.1719078e+11  -1.1958231e+06     12s
      13       1426   7.1359478e+11  -1.1931480e+06     12s
      14       1550   7.0957878e+11  -1.1904633e+06     12s
      15       1674   7.0549478e+11  -1.1874588e+06     12s
      16       1796   7.0080278e+11  -1.1835053e+06     12s
      17       1924   6.9537878e+11  -1.1792491e+06     12s
      18       2051   6.9010278e+11  -1.1751591e+06     12s
      19       2177   6.8453478e+11  -1.1711436e+06     12s
      20       2310   6.7870278e+11  -1.1652446e+06     12s
      21       2437   6.7235478e+11  -1.1593941e+06     12s
      22       2567   6.6589878e+11  -1.1523233e+06     12s
      23       2704   6.5854278e+11  -1.1450641e+06     12s
      24       2829   6.5150678e+11  -1.1368812e+06     12s
      25       2957   6.4404278e+11  -1.1293717e+06     12s
      26       3090   6.3649478e+11  -1.1218523e+06     12s
      27       3227   6.2888678e+11  -1.1144327e+06     12s
      28       3353   6.2099479e+11  -1.1057732e+06     12s
      29       3481   6.1245879e+11  -1.0958445e+06     12s
      30       3608   6.0299079e+11  -1.0860187e+06     12s
      31       3742   5.9398279e+11  -1.0766781e+06     12s
      32       3871   5.8407479e+11  -1.0671841e+06     12s
      33       3997   5.7452280e+11  -1.0560521e+06     12s
      34       4130   5.6419480e+11  -1.0450923e+06     12s
      35       4258   5.5355880e+11  -1.0341018e+06     12s
      36       4383   5.4276280e+11  -1.0236247e+06     12s
      37       4519   5.3203481e+11  -1.0127949e+06     12s
      38       4654   5.2095481e+11  -1.0010475e+06     13s
      39       4786   5.0951882e+11  -9.8786164e+05     13s
      40       4910   4.9783482e+11  -9.7619667e+05     13s
      41       5044   4.8591083e+11  -9.6344609e+05     13s
      42       5170   4.7324683e+11  -9.4925712e+05     13s
      43       5299   4.6019484e+11  -9.3635825e+05     13s
      44       5439   4.4687084e+11  -9.2239696e+05     13s
      45       5568   4.3342685e+11  -9.0774789e+05     13s
      46       5701   4.1993086e+11  -8.9243856e+05     13s
      47       5832   4.0609487e+11  -8.7574319e+05     13s
      48       5963   3.9129488e+11  -8.5964448e+05     13s
      49       6096   3.7665089e+11  -8.4246517e+05     13s

Sifting complete

    6430    8.9339938e+02   0.000000e+00   0.000000e+00     13s

Root relaxation: objective 8.933994e+02, 6430 iterations, 2.07 seconds

    Nodes    |    Current Node    |     Objective Bounds      |     Work
 Expl Unexpl |  Obj  Depth IntInf | Incumbent    BestBd   Gap | It/Node Time

     0     0  893.39938    0    5  167.43834  893.39938   434%     -   13s
H    0     0                     855.2190264  893.39938  4.46%     -   14s
H    0     0                     891.7031517  893.39938  0.19%     -   14s
H    0     0                     892.1845139  893.39938  0.14%     -   15s
     0     0  893.39938    0    5  892.18451  893.39938  0.14%     -   16s
     0     0  893.39938    0    5  892.18451  893.39938  0.14%     -   16s
     0     0  893.33767    0   13  892.18451  893.33767  0.13%     -   16s
     0     0  893.33767    0    7  892.18451  893.33767  0.13%     -   16s
     0     0  893.33767    0    5  892.18451  893.33767  0.13%     -   16s
     0     0  893.33767    0    7  892.18451  893.33767  0.13%     -   16s
     0     0  893.33767    0    7  892.18451  893.33767  0.13%     -   16s
     0     0  893.00473    0    3  892.18451  893.00473  0.09%     -   17s
     0     0  892.75369    0    5  892.18451  892.75369  0.06%     -   17s

Explored 0 nodes (7625 simplex iterations) in 17.07 seconds
Thread count was 4 (of 4 available processors)

Solution count 6: 892.185 891.703 855.219 ... -0
Pool objective bound 892.185

Optimal solution found (tolerance 1.00e-04)
Best objective 8.921845138550e+02, best bound 8.921845138550e+02, gap 0.0000%

Gurobi 7.0.1 (win64, Python) logging started 11/13/16 20:51:05

Optimize a model with 53280 rows, 810000 columns and 6479100 nonzeros
Variable types: 0 continuous, 810000 integer (810000 binary)
Coefficient statistics:
  Matrix range     [1e+00, 2e+00]
  Objective range  [4e-04, 2e+02]
  Bounds range     [1e+00, 1e+00]
  RHS range        [1e+00, 1e+00]
Found heuristic solution: objective 167.438
Presolve removed 53100 rows and 56580 columns (presolve time = 5s) ...
Presolve removed 53220 rows and 620775 columns (presolve time = 10s) ...
Presolve removed 53220 rows and 620775 columns
Presolve time: 10.43s
Presolved: 60 rows, 189225 columns, 756900 nonzeros
Found heuristic solution: objective 58.6855671
Variable types: 0 continuous, 189225 integer (189225 binary)

Root simplex log...

Iteration    Objective       Primal Inf.    Dual Inf.      Time
       0    1.2254629e+06   7.568400e+05   0.000000e+00     11s

Starting sifting (using dual simplex for sub-problems)...

    Iter     Pivots    Primal Obj      Dual Obj        Time
       0          0     infinity     -1.2254629e+06     11s
       1         60   7.5257477e+11  -1.2217109e+06     11s
       2        170   7.4930677e+11  -1.2195863e+06     11s
       3        275   7.4630277e+11  -1.2173104e+06     11s
       4        383   7.4338277e+11  -1.2145392e+06     11s
       5        496   7.4009077e+11  -1.2114325e+06     11s
       6        606   7.3681077e+11  -1.2090195e+06     11s
       7        717   7.3336677e+11  -1.2067253e+06     12s
       8        835   7.2996277e+11  -1.2044236e+06     12s
       9        951   7.2679878e+11  -1.2021578e+06     12s
      10       1063   7.2373078e+11  -1.2002488e+06     12s
      11       1183   7.2068278e+11  -1.1980908e+06     12s
      12       1301   7.1719078e+11  -1.1958231e+06     12s
      13       1426   7.1359478e+11  -1.1931480e+06     12s
      14       1550   7.0957878e+11  -1.1904633e+06     12s
      15       1674   7.0549478e+11  -1.1874588e+06     12s
      16       1796   7.0080278e+11  -1.1835053e+06     12s
      17       1924   6.9537878e+11  -1.1792491e+06     12s
      18       2051   6.9010278e+11  -1.1751591e+06     12s
      19       2177   6.8453478e+11  -1.1711436e+06     12s
      20       2310   6.7870278e+11  -1.1652446e+06     12s
      21       2437   6.7235478e+11  -1.1593941e+06     12s
      22       2567   6.6589878e+11  -1.1523233e+06     12s
      23       2704   6.5854278e+11  -1.1450641e+06     12s
      24       2829   6.5150678e+11  -1.1368812e+06     12s
      25       2957   6.4404278e+11  -1.1293717e+06     12s
      26       3090   6.3649478e+11  -1.1218523e+06     12s
      27       3227   6.2888678e+11  -1.1144327e+06     12s
      28       3353   6.2099479e+11  -1.1057732e+06     12s
      29       3481   6.1245879e+11  -1.0958445e+06     12s
      30       3608   6.0299079e+11  -1.0860187e+06     12s
      31       3742   5.9398279e+11  -1.0766781e+06     12s
      32       3871   5.8407479e+11  -1.0671841e+06     12s
      33       3997   5.7452280e+11  -1.0560521e+06     12s
      34       4130   5.6419480e+11  -1.0450923e+06     12s
      35       4258   5.5355880e+11  -1.0341018e+06     13s
      36       4383   5.4276280e+11  -1.0236247e+06     13s
      37       4519   5.3203481e+11  -1.0127949e+06     13s
      38       4654   5.2095481e+11  -1.0010475e+06     13s
      39       4786   5.0951882e+11  -9.8786164e+05     13s
      40       4910   4.9783482e+11  -9.7619667e+05     13s
      41       5044   4.8591083e+11  -9.6344609e+05     13s
      42       5170   4.7324683e+11  -9.4925712e+05     13s
      43       5299   4.6019484e+11  -9.3635825e+05     13s
      44       5439   4.4687084e+11  -9.2239696e+05     13s
      45       5568   4.3342685e+11  -9.0774789e+05     13s
      46       5701   4.1993086e+11  -8.9243856e+05     13s
      47       5832   4.0609487e+11  -8.7574319e+05     13s
      48       5963   3.9129488e+11  -8.5964448e+05     13s
      49       6096   3.7665089e+11  -8.4246517e+05     13s

Sifting complete

    6430    8.9339938e+02   0.000000e+00   0.000000e+00     13s

Root relaxation: objective 8.933994e+02, 6430 iterations, 2.08 seconds

    Nodes    |    Current Node    |     Objective Bounds      |     Work
 Expl Unexpl |  Obj  Depth IntInf | Incumbent    BestBd   Gap | It/Node Time

     0     0  893.39938    0    5  167.43834  893.39938   434%     -   13s
H    0     0                     855.2190264  893.39938  4.46%     -   14s
H    0     0                     891.7031517  893.39938  0.19%     -   14s
H    0     0                     892.1845139  893.39938  0.14%     -   15s
     0     0  893.39938    0    5  892.18451  893.39938  0.14%     -   16s
     0     0  893.39938    0    5  892.18451  893.39938  0.14%     -   17s
     0     0  893.33767    0   13  892.18451  893.33767  0.13%     -   17s
     0     0  893.33767    0    7  892.18451  893.33767  0.13%     -   17s
     0     0  893.33767    0    5  892.18451  893.33767  0.13%     -   17s
     0     0  893.33767    0    7  892.18451  893.33767  0.13%     -   17s
     0     0  893.33767    0    7  892.18451  893.33767  0.13%     -   17s
     0     0  893.00473    0    3  892.18451  893.00473  0.09%     -   17s
     0     0  892.75369    0    5  892.18451  892.75369  0.06%     -   17s

Explored 0 nodes (7625 simplex iterations) in 17.21 seconds
Thread count was 4 (of 4 available processors)

Solution count 6: 892.185 891.703 855.219 ... -0
Pool objective bound 892.185

Optimal solution found (tolerance 1.00e-04)
Best objective 8.921845138550e+02, best bound 8.921845138550e+02, gap 0.0000%

Gurobi 7.0.1 (win64, Python) logging started 11/13/16 20:52:02


Gurobi 7.0.1 (win64, Python) logging started 11/13/16 20:52:02

Optimize a model with 53280 rows, 810000 columns and 6479100 nonzeros
Variable types: 0 continuous, 810000 integer (810000 binary)
Coefficient statistics:
  Matrix range     [1e+00, 2e+00]
  Objective range  [4e-04, 2e+02]
  Bounds range     [1e+00, 1e+00]
  RHS range        [1e+00, 1e+00]
Found heuristic solution: objective 167.438
Presolve removed 53100 rows and 56580 columns (presolve time = 5s) ...
Presolve removed 53220 rows and 620775 columns (presolve time = 10s) ...
Presolve removed 53220 rows and 620775 columns
Presolve time: 10.27s
Presolved: 60 rows, 189225 columns, 756900 nonzeros
Found heuristic solution: objective 58.6855671
Variable types: 0 continuous, 189225 integer (189225 binary)

Root simplex log...

Iteration    Objective       Primal Inf.    Dual Inf.      Time
       0    1.2254629e+06   7.568400e+05   0.000000e+00     11s

Starting sifting (using dual simplex for sub-problems)...

    Iter     Pivots    Primal Obj      Dual Obj        Time
       0          0     infinity     -1.2254629e+06     11s
       1         60   7.5257477e+11  -1.2217109e+06     11s
       2        170   7.4930677e+11  -1.2195863e+06     11s
       3        275   7.4630277e+11  -1.2173104e+06     11s
       4        383   7.4338277e+11  -1.2145392e+06     11s
       5        496   7.4009077e+11  -1.2114325e+06     11s
       6        606   7.3681077e+11  -1.2090195e+06     11s
       7        717   7.3336677e+11  -1.2067253e+06     11s
       8        835   7.2996277e+11  -1.2044236e+06     11s
       9        951   7.2679878e+11  -1.2021578e+06     11s
      10       1063   7.2373078e+11  -1.2002488e+06     11s
      11       1183   7.2068278e+11  -1.1980908e+06     11s
      12       1301   7.1719078e+11  -1.1958231e+06     12s
      13       1426   7.1359478e+11  -1.1931480e+06     12s
      14       1550   7.0957878e+11  -1.1904633e+06     12s
      15       1674   7.0549478e+11  -1.1874588e+06     12s
      16       1796   7.0080278e+11  -1.1835053e+06     12s
      17       1924   6.9537878e+11  -1.1792491e+06     12s
      18       2051   6.9010278e+11  -1.1751591e+06     12s
      19       2177   6.8453478e+11  -1.1711436e+06     12s
      20       2310   6.7870278e+11  -1.1652446e+06     12s
      21       2437   6.7235478e+11  -1.1593941e+06     12s
      22       2567   6.6589878e+11  -1.1523233e+06     12s
      23       2704   6.5854278e+11  -1.1450641e+06     12s
      24       2829   6.5150678e+11  -1.1368812e+06     12s
      25       2957   6.4404278e+11  -1.1293717e+06     12s
      26       3090   6.3649478e+11  -1.1218523e+06     12s
      27       3227   6.2888678e+11  -1.1144327e+06     12s
      28       3353   6.2099479e+11  -1.1057732e+06     12s
      29       3481   6.1245879e+11  -1.0958445e+06     12s
      30       3608   6.0299079e+11  -1.0860187e+06     12s
      31       3742   5.9398279e+11  -1.0766781e+06     12s
      32       3871   5.8407479e+11  -1.0671841e+06     12s
      33       3997   5.7452280e+11  -1.0560521e+06     12s
      34       4130   5.6419480e+11  -1.0450923e+06     12s
      35       4258   5.5355880e+11  -1.0341018e+06     12s
      36       4383   5.4276280e+11  -1.0236247e+06     12s
      37       4519   5.3203481e+11  -1.0127949e+06     12s
      38       4654   5.2095481e+11  -1.0010475e+06     12s
      39       4786   5.0951882e+11  -9.8786164e+05     12s
      40       4910   4.9783482e+11  -9.7619667e+05     13s
      41       5044   4.8591083e+11  -9.6344609e+05     13s
      42       5170   4.7324683e+11  -9.4925712e+05     13s
      43       5299   4.6019484e+11  -9.3635825e+05     13s
      44       5439   4.4687084e+11  -9.2239696e+05     13s
      45       5568   4.3342685e+11  -9.0774789e+05     13s
      46       5701   4.1993086e+11  -8.9243856e+05     13s
      47       5832   4.0609487e+11  -8.7574319e+05     13s
      48       5963   3.9129488e+11  -8.5964448e+05     13s
      49       6096   3.7665089e+11  -8.4246517e+05     13s

Sifting complete

    6430    8.9339938e+02   0.000000e+00   0.000000e+00     13s

Root relaxation: objective 8.933994e+02, 6430 iterations, 2.04 seconds

    Nodes    |    Current Node    |     Objective Bounds      |     Work
 Expl Unexpl |  Obj  Depth IntInf | Incumbent    BestBd   Gap | It/Node Time

     0     0  893.39938    0    5  167.43834  893.39938   434%     -   13s
H    0     0                     855.2190264  893.39938  4.46%     -   13s
H    0     0                     891.7031517  893.39938  0.19%     -   14s
H    0     0                     892.1845139  893.39938  0.14%     -   15s
     0     0  893.39938    0    5  892.18451  893.39938  0.14%     -   16s
     0     0  893.39938    0    5  892.18451  893.39938  0.14%     -   16s
     0     0  893.33767    0   13  892.18451  893.33767  0.13%     -   16s
     0     0  893.33767    0    7  892.18451  893.33767  0.13%     -   16s
     0     0  893.33767    0    5  892.18451  893.33767  0.13%     -   16s
     0     0  893.33767    0    7  892.18451  893.33767  0.13%     -   16s
     0     0  893.33767    0    7  892.18451  893.33767  0.13%     -   16s
     0     0  893.00473    0    3  892.18451  893.00473  0.09%     -   16s
     0     0  892.75369    0    5  892.18451  892.75369  0.06%     -   16s

Explored 0 nodes (7625 simplex iterations) in 16.94 seconds
Thread count was 4 (of 4 available processors)

Solution count 6: 892.185 891.703 855.219 ... -0
Pool objective bound 892.185

Optimal solution found (tolerance 1.00e-04)
Best objective 8.921845138550e+02, best bound 8.921845138550e+02, gap 0.0000%

Gurobi 7.0.1 (win64, Python) logging started 11/13/16 20:54:06

Optimize a model with 53280 rows, 810000 columns and 6479100 nonzeros
Variable types: 0 continuous, 810000 integer (810000 binary)
Coefficient statistics:
  Matrix range     [1e+00, 2e+00]
  Objective range  [4e-04, 2e+02]
  Bounds range     [1e+00, 1e+00]
  RHS range        [1e+00, 1e+00]
Found heuristic solution: objective 167.438
Presolve removed 53100 rows and 56580 columns (presolve time = 5s) ...
Presolve removed 53220 rows and 620775 columns (presolve time = 11s) ...
Presolve removed 53220 rows and 620775 columns
Presolve time: 10.71s
Presolved: 60 rows, 189225 columns, 756900 nonzeros
Found heuristic solution: objective 58.6855671
Variable types: 0 continuous, 189225 integer (189225 binary)

Root simplex log...

Iteration    Objective       Primal Inf.    Dual Inf.      Time
       0    1.2254629e+06   7.568400e+05   0.000000e+00     12s

Starting sifting (using dual simplex for sub-problems)...

    Iter     Pivots    Primal Obj      Dual Obj        Time
       0          0     infinity     -1.2254629e+06     12s
       1         60   7.5257477e+11  -1.2217109e+06     12s
       2        170   7.4930677e+11  -1.2195863e+06     12s
       3        275   7.4630277e+11  -1.2173104e+06     12s
       4        383   7.4338277e+11  -1.2145392e+06     12s
       5        496   7.4009077e+11  -1.2114325e+06     12s
       6        606   7.3681077e+11  -1.2090195e+06     12s
       7        717   7.3336677e+11  -1.2067253e+06     12s
       8        835   7.2996277e+11  -1.2044236e+06     12s
       9        951   7.2679878e+11  -1.2021578e+06     12s
      10       1063   7.2373078e+11  -1.2002488e+06     12s
      11       1183   7.2068278e+11  -1.1980908e+06     12s
      12       1301   7.1719078e+11  -1.1958231e+06     12s
      13       1426   7.1359478e+11  -1.1931480e+06     12s
      14       1550   7.0957878e+11  -1.1904633e+06     12s
      15       1674   7.0549478e+11  -1.1874588e+06     12s
      16       1796   7.0080278e+11  -1.1835053e+06     12s
      17       1924   6.9537878e+11  -1.1792491e+06     12s
      18       2051   6.9010278e+11  -1.1751591e+06     12s
      19       2177   6.8453478e+11  -1.1711436e+06     12s
      20       2310   6.7870278e+11  -1.1652446e+06     12s
      21       2437   6.7235478e+11  -1.1593941e+06     12s
      22       2567   6.6589878e+11  -1.1523233e+06     12s
      23       2704   6.5854278e+11  -1.1450641e+06     12s
      24       2829   6.5150678e+11  -1.1368812e+06     13s
      25       2957   6.4404278e+11  -1.1293717e+06     13s
      26       3090   6.3649478e+11  -1.1218523e+06     13s
      27       3227   6.2888678e+11  -1.1144327e+06     13s
      28       3353   6.2099479e+11  -1.1057732e+06     13s
      29       3481   6.1245879e+11  -1.0958445e+06     13s
      30       3608   6.0299079e+11  -1.0860187e+06     13s
      31       3742   5.9398279e+11  -1.0766781e+06     13s
      32       3871   5.8407479e+11  -1.0671841e+06     13s
      33       3997   5.7452280e+11  -1.0560521e+06     13s
      34       4130   5.6419480e+11  -1.0450923e+06     13s
      35       4258   5.5355880e+11  -1.0341018e+06     13s
      36       4383   5.4276280e+11  -1.0236247e+06     13s
      37       4519   5.3203481e+11  -1.0127949e+06     13s
      38       4654   5.2095481e+11  -1.0010475e+06     13s
      39       4786   5.0951882e+11  -9.8786164e+05     13s
      40       4910   4.9783482e+11  -9.7619667e+05     13s
      41       5044   4.8591083e+11  -9.6344609e+05     13s
      42       5170   4.7324683e+11  -9.4925712e+05     13s
      43       5299   4.6019484e+11  -9.3635825e+05     13s
      44       5439   4.4687084e+11  -9.2239696e+05     13s
      45       5568   4.3342685e+11  -9.0774789e+05     13s
      46       5701   4.1993086e+11  -8.9243856e+05     13s
      47       5832   4.0609487e+11  -8.7574319e+05     13s
      48       5963   3.9129488e+11  -8.5964448e+05     13s
      49       6096   3.7665089e+11  -8.4246517e+05     13s

Sifting complete

    6430    8.9339938e+02   0.000000e+00   0.000000e+00     14s

Root relaxation: objective 8.933994e+02, 6430 iterations, 2.23 seconds

    Nodes    |    Current Node    |     Objective Bounds      |     Work
 Expl Unexpl |  Obj  Depth IntInf | Incumbent    BestBd   Gap | It/Node Time

     0     0  893.39938    0    5  167.43834  893.39938   434%     -   13s
H    0     0                     855.2190264  893.39938  4.46%     -   14s
H    0     0                     891.7031517  893.39938  0.19%     -   15s
H    0     0                     892.1845139  893.39938  0.14%     -   16s
     0     0  893.39938    0    5  892.18451  893.39938  0.14%     -   17s
     0     0  893.39938    0    5  892.18451  893.39938  0.14%     -   17s
     0     0  893.33767    0   13  892.18451  893.33767  0.13%     -   17s
     0     0  893.33767    0    7  892.18451  893.33767  0.13%     -   17s
     0     0  893.33767    0    5  892.18451  893.33767  0.13%     -   17s
     0     0  893.33767    0    7  892.18451  893.33767  0.13%     -   17s
     0     0  893.33767    0    7  892.18451  893.33767  0.13%     -   17s
     0     0  893.00473    0    3  892.18451  893.00473  0.09%     -   17s
     0     0  892.75369    0    5  892.18451  892.75369  0.06%     -   17s

Explored 0 nodes (7625 simplex iterations) in 17.93 seconds
Thread count was 4 (of 4 available processors)

Solution count 6: 892.185 891.703 855.219 ... -0
Pool objective bound 892.185

Optimal solution found (tolerance 1.00e-04)
Best objective 8.921845138550e+02, best bound 8.921845138550e+02, gap 0.0000%

Gurobi 7.0.1 (win64, Python) logging started 11/13/16 20:56:32


Gurobi 7.0.1 (win64, Python) logging started 11/17/16 01:38:16

Optimize a model with 53280 rows, 810000 columns and 6479100 nonzeros
Variable types: 0 continuous, 810000 integer (810000 binary)
Coefficient statistics:
  Matrix range     [1e+00, 2e+00]
  Objective range  [6e-01, 2e+01]
  Bounds range     [1e+00, 1e+00]
  RHS range        [1e+00, 1e+00]
Found heuristic solution: objective 169.534
Presolve removed 53100 rows and 53100 columns (presolve time = 5s) ...
Presolve removed 53220 rows and 620775 columns (presolve time = 11s) ...
Presolve removed 53220 rows and 620775 columns
Presolve time: 10.58s
Presolved: 60 rows, 189225 columns, 756900 nonzeros
Found heuristic solution: objective 97.0049920
Variable types: 0 continuous, 189225 integer (189225 binary)

Root simplex log...

Iteration    Objective       Primal Inf.    Dual Inf.      Time
       0    7.7130437e+05   7.568400e+05   0.000000e+00     11s

Starting sifting (using dual simplex for sub-problems)...

    Iter     Pivots    Primal Obj      Dual Obj        Time
       0          0     infinity     -7.7130437e+05     11s
       1         60   7.5257523e+11  -6.0801182e+05     11s
       2        172   7.4935123e+11  -6.0142968e+05     11s
       3        288   7.4597923e+11  -5.9705812e+05     11s
       4        410   7.4279923e+11  -5.9311390e+05     12s
       5        531   7.3963923e+11  -5.8961632e+05     12s
       6        648   7.3643523e+11  -5.8668878e+05     12s
       7        773   7.3335123e+11  -5.8393867e+05     12s
       8        888   7.3039523e+11  -5.8128665e+05     12s
       9       1013   7.2731124e+11  -5.7877850e+05     12s
      10       1134   7.2417924e+11  -5.7611128e+05     12s
      11       1260   7.2095124e+11  -5.7350113e+05     12s
      12       1385   7.1724724e+11  -5.7088006e+05     12s
      13       1511   7.1340324e+11  -5.6826667e+05     12s
      14       1634   7.0935524e+11  -5.6541855e+05     12s
      15       1755   7.0500324e+11  -5.6237950e+05     12s
      16       1879   7.0024324e+11  -5.5906889e+05     12s
      17       2010   6.9508324e+11  -5.5564425e+05     12s
      18       2137   6.8951125e+11  -5.5235658e+05     12s
      19       2267   6.8366725e+11  -5.4904845e+05     12s
      20       2400   6.7805125e+11  -5.4549765e+05     12s
      21       2535   6.7165925e+11  -5.4153255e+05     12s
      22       2662   6.6495525e+11  -5.3748704e+05     12s
      23       2791   6.5801526e+11  -5.3366504e+05     12s
      24       2929   6.5077926e+11  -5.2996174e+05     12s
      25       3063   6.4354726e+11  -5.2586620e+05     12s
      26       3200   6.3619126e+11  -5.2138375e+05     12s
      27       3340   6.2807127e+11  -5.1643197e+05     12s
      28       3477   6.1952327e+11  -5.1214424e+05     12s
      29       3612   6.1082327e+11  -5.0762916e+05     13s
      30       3742   6.0201527e+11  -5.0257713e+05     13s
      31       3880   5.9267528e+11  -4.9714105e+05     13s
      32       4008   5.8269928e+11  -4.9110463e+05     13s
      33       4146   5.7233129e+11  -4.8628269e+05     13s
      34       4285   5.6257929e+11  -4.8110772e+05     13s
      35       4426   5.5277529e+11  -4.7526215e+05     13s
      36       4556   5.4243930e+11  -4.6897393e+05     13s
      37       4697   5.3150730e+11  -4.6257712e+05     13s
      38       4837   5.2055531e+11  -4.5627907e+05     13s
      39       4971   5.0870731e+11  -4.4964829e+05     13s
      40       5103   4.9747932e+11  -4.4259848e+05     13s
      41       5234   4.8561132e+11  -4.3464485e+05     13s
      42       5371   4.7282733e+11  -4.2682148e+05     13s
      43       5515   4.6064334e+11  -4.1906092e+05     13s
      44       5650   4.4761134e+11  -4.1151820e+05     13s
      45       5786   4.3447135e+11  -4.0349368e+05     13s
      46       5925   4.2138336e+11  -3.9468145e+05     13s
      47       6071   4.0745137e+11  -3.8483210e+05     13s
      48       6205   3.9317938e+11  -3.7487814e+05     13s
      49       6341   3.7885939e+11  -3.6595394e+05     13s

Sifting complete

    6638    2.6480280e+02   0.000000e+00   0.000000e+00     14s

Root relaxation: objective 2.648028e+02, 6638 iterations, 2.19 seconds

    Nodes    |    Current Node    |     Objective Bounds      |     Work
 Expl Unexpl |  Obj  Depth IntInf | Incumbent    BestBd   Gap | It/Node Time

*    0     0               0     264.8028000  264.80280  0.00%     -   14s

Explored 0 nodes (6638 simplex iterations) in 14.09 seconds
Thread count was 4 (of 4 available processors)

Solution count 4: 264.803 169.534 97.005 38.2206 
Pool objective bound 264.803

Optimal solution found (tolerance 1.00e-04)
Best objective 2.648027999878e+02, best bound 2.648027999878e+02, gap 0.0000%
Optimize a model with 53280 rows, 810000 columns and 6479100 nonzeros
Variable types: 0 continuous, 810000 integer (810000 binary)
Coefficient statistics:
  Matrix range     [1e+00, 2e+00]
  Objective range  [6e-01, 2e+01]
  Bounds range     [1e+00, 1e+00]
  RHS range        [1e+00, 1e+00]
Found heuristic solution: objective 172.573
Presolve removed 53100 rows and 53100 columns (presolve time = 5s) ...
Presolve removed 53220 rows and 620775 columns (presolve time = 11s) ...
Presolve removed 53220 rows and 620775 columns
Presolve time: 10.74s
Presolved: 60 rows, 189225 columns, 756900 nonzeros
Found heuristic solution: objective 140.7773928
Variable types: 0 continuous, 189225 integer (189225 binary)

Root simplex log...

Iteration    Objective       Primal Inf.    Dual Inf.      Time
       0    7.6928341e+05   7.568400e+05   0.000000e+00     12s

Starting sifting (using dual simplex for sub-problems)...

    Iter     Pivots    Primal Obj      Dual Obj        Time
       0          0     infinity     -7.6928341e+05     12s
       1         60   7.5257523e+11  -6.0778959e+05     12s
       2        173   7.4934323e+11  -6.0157825e+05     12s
       3        284   7.4611923e+11  -5.9668753e+05     12s
       4        404   7.4283523e+11  -5.9265253e+05     12s
       5        522   7.3954723e+11  -5.8910624e+05     12s
       6        644   7.3640724e+11  -5.8602171e+05     12s
       7        765   7.3319124e+11  -5.8285673e+05     12s
       8        881   7.2996324e+11  -5.8011384e+05     12s
       9       1017   7.2685924e+11  -5.7755587e+05     12s
      10       1137   7.2371924e+11  -5.7501722e+05     12s
      11       1264   7.2038724e+11  -5.7250193e+05     12s
      12       1391   7.1686724e+11  -5.6991577e+05     12s
      13       1520   7.1321924e+11  -5.6708919e+05     12s
      14       1647   7.0916724e+11  -5.6431599e+05     12s
      15       1779   7.0480324e+11  -5.6134605e+05     12s
      16       1904   6.9992324e+11  -5.5808265e+05     12s
      17       2032   6.9474725e+11  -5.5497469e+05     12s
      18       2161   6.8959525e+11  -5.5161639e+05     12s
      19       2286   6.8415125e+11  -5.4819580e+05     12s
      20       2422   6.7847925e+11  -5.4505007e+05     12s
      21       2547   6.7279925e+11  -5.4149578e+05     12s
      22       2683   6.6647125e+11  -5.3787591e+05     12s
      23       2811   6.5977126e+11  -5.3383426e+05     12s
      24       2943   6.5259926e+11  -5.2965235e+05     12s
      25       3081   6.4521126e+11  -5.2550127e+05     13s
      26       3212   6.3766726e+11  -5.2113359e+05     13s
      27       3346   6.2922727e+11  -5.1680308e+05     13s
      28       3483   6.2111527e+11  -5.1205132e+05     13s
      29       3617   6.1211127e+11  -5.0724528e+05     13s
      30       3751   6.0319928e+11  -5.0216522e+05     13s
      31       3883   5.9393528e+11  -4.9701987e+05     13s
      32       4025   5.8455928e+11  -4.9186052e+05     13s
      33       4161   5.7479529e+11  -4.8641842e+05     13s
      34       4309   5.6442729e+11  -4.8082732e+05     13s
      35       4447   5.5386730e+11  -4.7453524e+05     13s
      36       4589   5.4261930e+11  -4.6775761e+05     13s
      37       4722   5.3083531e+11  -4.6126060e+05     13s
      38       4859   5.1987531e+11  -4.5477795e+05     13s
      39       4994   5.0790732e+11  -4.4818220e+05     13s
      40       5126   4.9614332e+11  -4.4093929e+05     13s
      41       5265   4.8420333e+11  -4.3280173e+05     13s
      42       5398   4.7108333e+11  -4.2465332e+05     13s
      43       5536   4.5807534e+11  -4.1696862e+05     13s
      44       5675   4.4465535e+11  -4.0902745e+05     13s
      45       5816   4.3132336e+11  -4.0004203e+05     13s
      46       5946   4.1705136e+11  -3.9033279e+05     13s
      47       6082   4.0334337e+11  -3.8142894e+05     13s
      48       6211   3.8905538e+11  -3.7232775e+05     13s
      49       6353   3.7448739e+11  -3.6267637e+05     13s

Sifting complete

    6700    2.6754714e+02   0.000000e+00   0.000000e+00     14s

Root relaxation: objective 2.675471e+02, 6700 iterations, 2.27 seconds

    Nodes    |    Current Node    |     Objective Bounds      |     Work
 Expl Unexpl |  Obj  Depth IntInf | Incumbent    BestBd   Gap | It/Node Time

     0     0  267.54714    0   10  172.57317  267.54714  55.0%     -   13s
H    0     0                     221.5556360  267.54714  20.8%     -   14s
H    0     0                     265.0623978  267.54714  0.94%     -   15s
H    0     0                     267.0707977  267.54714  0.18%     -   16s
H    0     0                     267.3581985  267.54714  0.07%     -   16s
     0     0     cutoff    0       267.35820  267.35820  0.00%     -   16s

Cutting planes:
  Clique: 2
  Mod-K: 1

Explored 0 nodes (6822 simplex iterations) in 16.85 seconds
Thread count was 4 (of 4 available processors)

Solution count 7: 267.358 267.071 265.062 ... 53.0918
Pool objective bound 267.358

Optimal solution found (tolerance 1.00e-04)
Best objective 2.673581985474e+02, best bound 2.673581985474e+02, gap 0.0000%
Optimize a model with 53280 rows, 810000 columns and 6479100 nonzeros
Variable types: 0 continuous, 810000 integer (810000 binary)
Coefficient statistics:
  Matrix range     [1e+00, 2e+00]
  Objective range  [5e-01, 2e+01]
  Bounds range     [1e+00, 1e+00]
  RHS range        [1e+00, 1e+00]
Found heuristic solution: objective 155.07
Presolve removed 53100 rows and 53100 columns (presolve time = 5s) ...
Presolve removed 53220 rows and 620775 columns (presolve time = 11s) ...
Presolve removed 53220 rows and 620775 columns
Presolve time: 10.65s
Presolved: 60 rows, 189225 columns, 756900 nonzeros
Found heuristic solution: objective 132.9441154
Variable types: 0 continuous, 189225 integer (189225 binary)

Root simplex log...

Iteration    Objective       Primal Inf.    Dual Inf.      Time
       0    6.9796695e+05   7.568400e+05   0.000000e+00     11s

Starting sifting (using dual simplex for sub-problems)...

    Iter     Pivots    Primal Obj      Dual Obj        Time
       0          0     infinity     -6.9796695e+05     11s
       1         60   7.5257530e+11  -5.4945742e+05     11s
       2        173   7.4937130e+11  -5.4458977e+05     12s
       3        285   7.4630730e+11  -5.4022839e+05     12s
       4        401   7.4306730e+11  -5.3694318e+05     12s
       5        517   7.3999131e+11  -5.3389189e+05     12s
       6        639   7.3689531e+11  -5.3109456e+05     12s
       7        761   7.3354331e+11  -5.2837924e+05     12s
       8        883   7.3038331e+11  -5.2586122e+05     12s
       9       1007   7.2722331e+11  -5.2359272e+05     12s
      10       1125   7.2414731e+11  -5.2133621e+05     12s
      11       1242   7.2105131e+11  -5.1918798e+05     12s
      12       1368   7.1779131e+11  -5.1714583e+05     12s
      13       1488   7.1445131e+11  -5.1477221e+05     12s
      14       1615   7.1037131e+11  -5.1212112e+05     12s
      15       1750   7.0591131e+11  -5.0941809e+05     12s
      16       1873   7.0114731e+11  -5.0659276e+05     12s
      17       1996   6.9605532e+11  -5.0343444e+05     12s
      18       2122   6.9055532e+11  -5.0032875e+05     12s
      19       2244   6.8488332e+11  -4.9729698e+05     12s
      20       2378   6.7905932e+11  -4.9405865e+05     12s
      21       2506   6.7276332e+11  -4.9087710e+05     12s
      22       2646   6.6643532e+11  -4.8732892e+05     12s
      23       2779   6.5948333e+11  -4.8361517e+05     12s
      24       2910   6.5224733e+11  -4.8010939e+05     12s
      25       3042   6.4504733e+11  -4.7629948e+05     12s
      26       3177   6.3739933e+11  -4.7244694e+05     12s
      27       3315   6.2923934e+11  -4.6845856e+05     13s
      28       3450   6.2103534e+11  -4.6427685e+05     13s
      29       3596   6.1261534e+11  -4.5998582e+05     13s
      30       3732   6.0368334e+11  -4.5548681e+05     13s
      31       3869   5.9445535e+11  -4.5069877e+05     13s
      32       4007   5.8473135e+11  -4.4626839e+05     13s
      33       4145   5.7506735e+11  -4.4106366e+05     13s
      34       4280   5.6449936e+11  -4.3576983e+05     13s
      35       4418   5.5375536e+11  -4.3030680e+05     13s
      36       4557   5.4306737e+11  -4.2462149e+05     13s
      37       4695   5.3214737e+11  -4.1923054e+05     13s
      38       4835   5.2063537e+11  -4.1307985e+05     13s
      39       4966   5.0881938e+11  -4.0639839e+05     13s
      40       5105   4.9644338e+11  -3.9908373e+05     13s
      41       5243   4.8378339e+11  -3.9211152e+05     13s
      42       5380   4.7068340e+11  -3.8505534e+05     13s
      43       5520   4.5722740e+11  -3.7796103e+05     13s
      44       5653   4.4437141e+11  -3.7041551e+05     13s
      45       5789   4.3145542e+11  -3.6269820e+05     13s
      46       5930   4.1790342e+11  -3.5464223e+05     13s
      47       6067   4.0433543e+11  -3.4629095e+05     13s
      48       6204   3.8958744e+11  -3.3738582e+05     13s
      49       6336   3.7426745e+11  -3.2878579e+05     13s

Sifting complete

    6631    2.4179916e+02   0.000000e+00   0.000000e+00     14s

Root relaxation: objective 2.417992e+02, 6631 iterations, 2.19 seconds

    Nodes    |    Current Node    |     Objective Bounds      |     Work
 Expl Unexpl |  Obj  Depth IntInf | Incumbent    BestBd   Gap | It/Node Time

*    0     0               0     241.7991608  241.79916  0.00%     -   14s

Explored 0 nodes (6631 simplex iterations) in 14.16 seconds
Thread count was 4 (of 4 available processors)

Solution count 4: 241.799 155.07 132.944 25.2608 
Pool objective bound 241.799

Optimal solution found (tolerance 1.00e-04)
Best objective 2.417991607666e+02, best bound 2.417991607666e+02, gap 0.0000%
